<?xml version="1.0" encoding="UTF-8"?>
<!-- Generated by org.testng.reporters.JUnitReportReporter -->
<testsuite hostname="DESKTOP-G4IK11Q" failures="0" tests="2" name="testNg.FaceBookData" time="1.409" errors="0" timestamp="2023-08-09T15:12:56 IST" skipped="0">
  <testcase classname="testNg.FaceBookData" name="validateEmailId" time="0.734">
    <system-out>
      <![CDATA[For waiting the test case]]>
    </system-out>
  </testcase> <!-- validateEmailId -->
  <testcase classname="testNg.FaceBookData" name="validatePassword" time="0.675">
    <system-out>
      <![CDATA[For waiting the test case]]>
    </system-out>
  </testcase> <!-- validatePassword -->
  <system-out>
    <![CDATA[For waiting the test case
For waiting the test case
For waiting the test case]]>
  </system-out>
</testsuite> <!-- testNg.FaceBookData -->
